2022-09-08 03:25:28.883 [Thread-0] INFO  lab1.playerutilities.GameMap - Move number 0 in this game.
2022-09-08 03:25:28.884 [Thread-0] INFO  lab1.playerutilities.GameMap - PLAYER POS: Coordinate: (9, 3)
2022-09-08 03:25:28.908 [Thread-0] INFO  lab1.playerutilities.GameMap - Moving towards Coordinate: (11, 6)
2022-09-08 03:25:28.911 [Thread-0] INFO  lab1.playerutilities.GameMap - 
0 0 0 0 0 0 0 0 0 0 0 0 0 0 0 0 0 0 0 0 0 0
0 5 5 4 5 5 5 5 5 5 5 4 5 5 5 5 5 5 5 5 5 0
0 5 5 4 5 5 5 5 5 5 4 5 5 5 5 5 5 5 5 5 5 0
0 5 5 4 5 5 5 5 5 4 5 5 5 5 5 5 5 5 5 5 5 0
0 5 5 4 5 5 5 5 4 5 5 5 5 5 5 5 5 5 5 5 5 0
0 5 5 4 5 5 5 4 5 5 5 5 5 5 5 5 5 5 5 5 5 0
0 5 5 4 5 5 4 5 5 5 5 5 5 5 5 5 5 5 5 5 5 0
0 4 5 4 5 4 5 5 5 5 5 5 5 5 5 5 5 5 5 5 5 0
0 5 4 4 4 5 5 5 5 5 5 5 5 5 5 5 5 5 5 5 5 0
0 4 4 2 4 4 4 4 4 4 4 4 4 3 5 5 5 5 5 5 5 0
0 5 4 4 4 5 5 5 5 5 5 5 5 5 5 5 5 5 5 5 5 0
0 4 5 4 5 4 5 5 5 5 5 5 5 5 5 5 5 5 5 5 5 0
0 5 5 4 5 5 4 5 5 5 5 5 5 5 5 5 5 5 5 5 5 0
0 5 5 4 5 5 5 4 5 5 5 5 5 5 5 5 5 5 5 5 5 0
0 5 5 4 5 5 5 5 4 5 5 5 5 5 5 5 5 5 5 5 5 0
0 5 5 4 5 5 5 5 5 4 5 5 5 5 5 5 5 5 5 5 5 0
0 5 5 4 5 5 5 5 5 5 4 5 5 5 5 5 5 5 5 5 5 0
0 5 5 4 5 5 5 5 5 5 5 4 5 5 5 5 5 5 5 5 5 0
0 5 5 4 5 5 5 5 5 5 5 5 4 5 5 5 5 5 5 5 5 0
0 5 5 4 5 5 5 5 5 5 5 5 5 3 5 5 5 5 5 5 5 0
0 5 5 4 5 5 5 5 5 5 5 5 5 5 5 5 5 5 5 5 5 0
0 0 0 0 0 0 0 0 0 0 0 0 0 0 0 0 0 0 0 0 0 0

2022-09-08 03:25:28.913 [Thread-0] INFO  lab1.playerutilities.GameMap - Changed move to 3
2022-09-08 03:25:29.473 [Thread-0] INFO  lab1.playerutilities.GameMap - Move number 1 in this game.
2022-09-08 03:25:29.474 [Thread-0] INFO  lab1.playerutilities.GameMap - PLAYER POS: Coordinate: (10, 4)
2022-09-08 03:25:29.486 [Thread-0] INFO  lab1.playerutilities.GameMap - Moving towards Coordinate: (11, 6)
2022-09-08 03:25:29.487 [Thread-0] INFO  lab1.playerutilities.GameMap - 
0 0 0 0 0 0 0 0 0 0 0 0 0 0 0 0 0 0 0 0 0 0
0 5 5 4 4 5 5 5 5 5 5 4 5 4 5 5 5 5 5 5 5 0
0 5 5 4 4 5 5 5 5 5 4 5 4 5 5 5 5 5 5 5 5 0
0 5 5 4 4 5 5 5 5 4 5 4 5 5 5 5 5 5 5 5 5 0
0 5 5 4 4 5 5 5 4 5 4 5 5 5 5 5 5 5 5 5 5 0
0 5 5 4 4 5 5 4 5 4 5 5 5 5 5 5 5 5 5 5 5 0
0 5 5 4 4 5 4 5 4 5 5 5 5 5 5 5 5 5 5 5 5 0
0 4 5 4 4 4 5 4 5 5 5 5 5 5 5 5 5 5 5 5 5 0
0 5 4 4 4 5 4 5 5 5 5 5 5 5 5 5 5 5 5 5 5 0
0 4 4 4 4 4 4 4 4 4 4 4 4 3 5 5 5 5 5 5 5 0
0 4 4 4 2 4 4 4 4 4 4 4 4 4 4 4 4 4 4 4 4 0
0 4 5 4 4 4 5 5 5 5 5 5 5 5 5 5 5 5 5 5 5 0
0 5 4 4 4 5 4 5 5 5 5 5 5 5 5 5 5 5 5 5 5 0
0 3 5 4 4 5 5 4 5 5 5 5 5 5 5 5 5 5 5 5 5 0
0 5 5 4 4 5 5 5 4 5 5 5 5 5 5 5 5 5 5 5 5 0
0 5 5 4 4 5 5 5 5 4 5 5 5 5 5 5 5 5 5 5 5 0
0 5 5 4 4 5 5 5 5 5 4 5 5 5 5 5 5 5 5 5 5 0
0 5 5 4 4 5 5 5 5 5 5 4 5 5 5 5 5 5 5 5 5 0
0 5 5 4 4 5 5 5 5 5 5 5 4 5 5 5 5 5 5 5 5 0
0 5 5 4 4 5 5 5 5 5 5 5 5 3 5 5 5 5 5 5 5 0
0 5 5 4 4 5 5 5 5 5 5 5 5 5 5 5 5 5 5 5 5 0
0 0 0 0 0 0 0 0 0 0 0 0 0 0 0 0 0 0 0 0 0 0

2022-09-08 03:25:29.487 [Thread-0] INFO  lab1.playerutilities.GameMap - Changed move to 3
2022-09-08 03:25:30.033 [Thread-0] INFO  lab1.playerutilities.GameMap - Move number 2 in this game.
2022-09-08 03:25:30.033 [Thread-0] INFO  lab1.playerutilities.GameMap - PLAYER POS: Coordinate: (11, 5)
2022-09-08 03:25:30.039 [Thread-0] INFO  lab1.playerutilities.GameMap - Within 3 blocks of bestQuadrant and monster has not been seen, doing random shit
2022-09-08 03:25:30.039 [Thread-0] INFO  lab1.playerutilities.GameMap - 
0 0 0 0 0 0 0 0 0 0 0 0 0 0 0 0 0 0 0 0 0 0
0 5 5 4 4 4 5 5 5 5 5 4 5 4 5 5 5 5 5 5 5 0
0 5 5 4 4 4 5 5 5 5 4 5 4 5 5 5 5 5 5 5 5 0
0 5 5 4 4 4 5 5 5 4 5 4 5 5 5 5 5 5 5 5 5 0
0 5 5 4 4 4 5 5 4 5 4 5 5 5 5 5 5 5 5 5 5 0
0 5 5 4 4 4 5 4 5 4 5 5 5 5 5 5 5 5 5 5 5 0
0 5 5 4 4 4 4 5 4 5 5 5 5 5 5 5 5 5 5 5 5 0
0 4 5 4 4 4 5 4 5 5 5 5 5 5 5 5 5 5 5 5 5 0
0 5 4 4 4 4 4 5 3 5 5 5 5 5 5 5 5 5 5 5 5 0
0 4 4 4 4 4 4 4 4 4 4 4 4 3 5 5 5 5 5 5 5 0
0 4 4 4 4 4 4 4 4 4 4 4 4 4 4 4 4 4 4 4 4 0
0 4 4 4 4 2 4 4 4 4 4 4 4 4 4 4 3 5 5 5 5 0
0 5 4 4 4 4 4 5 5 5 5 5 5 5 5 5 5 5 5 5 5 0
0 3 5 4 4 4 5 4 5 5 5 5 5 5 5 5 5 5 5 5 5 0
0 5 4 4 4 3 5 5 4 5 5 5 5 5 5 5 5 5 5 5 5 0
0 4 5 4 4 5 5 5 5 4 5 5 5 5 5 5 5 5 5 5 5 0
0 5 5 4 4 5 5 5 5 5 4 5 5 5 5 5 5 5 5 5 5 0
0 5 5 4 4 5 5 5 5 5 5 4 5 5 5 5 5 5 5 5 5 0
0 5 5 4 4 5 5 5 5 5 5 5 4 5 5 5 5 5 5 5 5 0
0 5 5 4 4 5 5 5 5 5 5 5 5 3 5 5 5 5 5 5 5 0
0 5 5 4 4 5 5 5 5 5 5 5 5 5 5 5 5 5 5 5 5 0
0 0 0 0 0 0 0 0 0 0 0 0 0 0 0 0 0 0 0 0 0 0

2022-09-08 03:25:30.039 [Thread-0] INFO  lab1.playerutilities.GameMap - Changed move to 6
2022-09-08 03:25:30.585 [Thread-0] INFO  lab1.playerutilities.GameMap - Move number 3 in this game.
2022-09-08 03:25:30.585 [Thread-0] INFO  lab1.playerutilities.GameMap - PLAYER POS: Coordinate: (11, 4)
2022-09-08 03:25:30.592 [Thread-0] INFO  lab1.playerutilities.GameMap - Within 3 blocks of bestQuadrant and monster has not been seen, doing random shit
2022-09-08 03:25:30.592 [Thread-0] INFO  lab1.playerutilities.GameMap - 
0 0 0 0 0 0 0 0 0 0 0 0 0 0 0 0 0 0 0 0 0 0
0 5 5 4 4 4 5 5 5 5 5 4 5 4 4 5 5 5 5 5 5 0
0 5 5 4 4 4 5 5 5 5 4 5 4 4 5 5 5 5 5 5 5 0
0 5 5 4 4 4 5 5 5 4 5 4 4 5 5 5 5 5 5 5 5 0
0 5 5 4 4 4 5 5 4 5 4 4 5 5 5 5 5 5 5 5 5 0
0 5 5 4 4 4 5 4 5 4 4 5 5 5 5 5 5 5 5 5 5 0
0 5 5 4 4 4 4 5 4 4 5 5 5 5 5 5 5 5 5 5 5 0
0 4 5 4 4 4 5 4 4 5 5 5 5 5 5 5 5 5 5 5 5 0
0 4 4 4 4 4 4 4 3 5 5 5 5 5 5 5 5 5 5 5 5 0
0 4 4 4 4 4 4 4 4 4 4 4 4 3 5 5 5 5 5 5 5 0
0 4 4 4 4 4 4 4 4 4 4 4 4 4 4 4 4 4 4 4 4 0
0 4 4 4 2 4 4 4 4 4 4 4 4 4 4 4 3 5 5 5 5 0
0 5 4 4 4 4 4 5 5 5 5 5 5 5 5 5 5 5 5 5 5 0
0 3 4 4 4 4 4 4 5 5 5 5 5 5 5 5 5 5 5 5 5 0
0 4 4 4 4 3 5 4 4 5 5 5 5 5 5 5 5 5 5 5 5 0
0 4 5 4 4 5 5 5 4 4 5 5 5 5 5 5 5 5 5 5 5 0
0 5 5 4 4 5 5 5 5 4 4 5 5 5 5 5 5 5 5 5 5 0
0 5 5 4 4 5 5 5 5 5 4 4 5 5 5 5 5 5 5 5 5 0
0 5 5 4 4 5 5 5 5 5 5 4 4 5 5 5 5 5 5 5 5 0
0 5 5 4 4 5 5 5 5 5 5 5 4 3 5 5 5 5 5 5 5 0
0 5 5 4 4 5 5 5 5 5 5 5 5 4 5 5 5 5 5 5 5 0
0 0 0 0 0 0 0 0 0 0 0 0 0 0 0 0 0 0 0 0 0 0

2022-09-08 03:25:30.593 [Thread-0] INFO  lab1.playerutilities.GameMap - Changed move to 3
2022-09-08 03:25:31.138 [Thread-0] INFO  lab1.playerutilities.GameMap - Move number 4 in this game.
2022-09-08 03:25:31.138 [Thread-0] INFO  lab1.playerutilities.GameMap - PLAYER POS: Coordinate: (12, 5)
2022-09-08 03:25:31.144 [Thread-0] INFO  lab1.playerutilities.GameMap - Within 3 blocks of bestQuadrant and monster has not been seen, doing random shit
2022-09-08 03:25:31.144 [Thread-0] INFO  lab1.playerutilities.GameMap - 
0 0 0 0 0 0 0 0 0 0 0 0 0 0 0 0 0 0 0 0 0 0
0 5 5 4 4 4 5 5 5 5 5 4 5 4 4 5 4 5 5 5 5 0
0 5 5 4 4 4 5 5 5 5 4 5 4 4 5 4 5 5 5 5 5 0
0 5 5 4 4 4 5 5 5 4 5 4 4 5 4 5 5 5 5 5 5 0
0 5 5 4 4 4 5 5 4 5 4 4 5 4 5 5 5 5 5 5 5 0
0 5 5 4 4 4 5 4 5 4 4 5 4 5 5 5 5 5 5 5 5 0
0 5 5 4 4 4 4 5 4 4 5 4 5 5 5 5 5 5 5 5 5 0
0 4 5 4 4 4 5 4 4 5 4 5 5 5 5 5 5 5 5 5 5 0
0 4 4 4 4 4 4 4 3 4 5 5 5 5 5 5 5 5 5 5 5 0
0 4 4 4 4 4 4 4 4 4 4 4 4 3 5 5 5 5 5 5 5 0
0 4 4 4 4 4 4 4 4 4 4 4 4 4 4 4 4 4 4 4 4 0
0 4 4 4 4 4 4 4 4 4 4 4 4 4 4 4 3 5 5 5 5 0
0 4 4 4 4 2 4 4 4 4 4 4 4 4 4 4 4 4 4 4 4 0
0 3 4 4 4 4 4 4 5 5 5 5 5 5 5 5 5 5 5 5 5 0
0 4 4 4 4 3 5 4 4 5 5 5 5 5 5 5 5 5 5 5 5 0
0 4 3 4 4 5 5 5 4 4 5 5 5 5 5 5 5 5 5 5 5 0
0 5 5 4 4 5 5 5 5 4 4 5 5 5 5 5 5 5 5 5 5 0
0 5 5 4 4 5 5 5 5 5 4 4 5 5 5 5 5 5 5 5 5 0
0 5 5 4 4 5 5 5 5 5 5 4 4 5 5 5 5 5 5 5 5 0
0 5 5 4 4 5 5 5 5 5 5 5 4 3 5 5 5 5 5 5 5 0
0 5 5 4 4 5 5 5 5 5 5 5 5 4 5 5 5 5 5 5 5 0
0 0 0 0 0 0 0 0 0 0 0 0 0 0 0 0 0 0 0 0 0 0

2022-09-08 03:25:31.144 [Thread-0] INFO  lab1.playerutilities.GameMap - Changed move to 2
2022-09-08 03:25:31.689 [Thread-0] INFO  lab1.playerutilities.GameMap - Move number 5 in this game.
2022-09-08 03:25:31.690 [Thread-0] INFO  lab1.playerutilities.GameMap - PLAYER POS: Coordinate: (12, 6)
2022-09-08 03:25:31.699 [Thread-0] INFO  lab1.playerutilities.GameMap - Within 3 blocks of bestQuadrant and monster has not been seen, doing random shit
2022-09-08 03:25:31.699 [Thread-0] INFO  lab1.playerutilities.GameMap - 
0 0 0 0 0 0 0 0 0 0 0 0 0 0 0 0 0 0 0 0 0 0
0 5 5 4 4 4 4 5 5 5 5 4 5 4 4 5 4 4 5 5 5 0
0 5 5 4 4 4 4 5 5 5 4 5 4 4 5 4 4 5 5 5 5 0
0 5 5 4 4 4 4 5 5 4 5 4 4 5 4 4 5 5 5 5 5 0
0 5 5 4 4 4 4 5 4 5 4 4 5 4 4 5 5 5 5 5 5 0
0 5 5 4 4 4 4 4 5 4 4 5 4 4 5 5 5 5 5 5 5 0
0 5 5 4 4 4 4 5 4 4 5 4 4 5 5 5 5 5 5 5 5 0
0 4 5 4 4 4 4 4 4 5 4 4 5 5 5 5 5 5 5 5 5 0
0 4 4 4 4 4 4 4 3 4 4 5 5 5 5 5 5 5 5 5 5 0
0 4 4 4 4 4 4 4 4 4 4 4 4 3 5 5 5 5 5 5 5 0
0 4 4 4 4 4 4 4 4 4 4 4 4 4 4 4 4 4 4 4 4 0
0 4 4 4 4 4 4 4 4 4 4 4 4 4 4 4 3 5 5 5 5 0
0 4 4 4 4 4 2 4 4 4 4 4 4 4 4 4 4 4 4 4 4 0
0 3 4 4 4 4 4 4 5 5 5 5 5 5 5 5 5 5 5 5 5 0
0 4 4 4 4 3 4 4 4 5 5 5 5 5 5 5 5 5 5 5 5 0
0 4 3 4 4 5 4 5 4 4 5 5 5 5 5 5 5 5 5 5 5 0
0 5 4 4 4 5 4 5 5 4 4 5 5 5 5 5 5 5 5 5 5 0
0 4 5 4 4 5 4 5 5 5 4 4 5 5 5 5 5 5 5 5 5 0
0 5 5 4 4 5 4 5 5 5 5 4 4 5 5 5 5 5 5 5 5 0
0 5 5 4 4 5 4 5 5 5 5 5 4 3 5 5 5 5 5 5 5 0
0 5 5 4 4 5 4 5 5 5 5 5 5 4 5 5 5 5 5 5 5 0
0 0 0 0 0 0 0 0 0 0 0 0 0 0 0 0 0 0 0 0 0 0

2022-09-08 03:25:31.699 [Thread-0] INFO  lab1.playerutilities.GameMap - Changed move to 3
2022-09-08 03:25:32.246 [Thread-0] INFO  lab1.playerutilities.GameMap - Move number 6 in this game.
2022-09-08 03:25:32.247 [Thread-0] INFO  lab1.playerutilities.GameMap - PLAYER POS: Coordinate: (13, 7)
2022-09-08 03:25:32.249 [Thread-0] INFO  lab1.playerutilities.GameMap - Monster has been seen
2022-09-08 03:25:32.250 [Thread-0] INFO  lab1.playerutilities.GameMap - quadFarthestFromMonster set to Coordinate: (6, 6)
2022-09-08 03:25:32.250 [Thread-0] INFO  lab1.playerutilities.GameMap - 
0 0 0 0 0 0 0 0 0 0 0 0 0 0 0 0 0 0 0 0 0 0
0 5 5 4 4 4 4 4 5 5 5 4 5 4 4 5 4 4 5 5 5 0
0 5 5 4 4 4 4 4 5 5 4 5 4 4 5 4 4 5 5 5 5 0
0 5 5 4 4 4 4 4 5 4 5 4 4 5 4 4 5 5 5 5 5 0
0 5 5 4 4 4 4 4 4 5 4 4 5 4 4 5 5 5 5 5 5 0
0 5 5 4 4 4 4 4 5 4 4 5 4 4 5 5 5 5 5 5 5 0
0 5 5 4 4 4 4 4 4 4 5 4 4 5 3 5 5 5 5 5 5 0
0 4 5 4 4 4 4 4 4 5 4 4 5 4 5 5 5 5 5 5 5 0
0 4 4 4 4 4 4 4 3 4 4 5 4 5 5 5 5 5 5 5 5 0
0 4 4 4 4 4 4 4 4 4 4 4 4 3 5 5 5 5 5 5 5 0
0 4 4 4 4 4 4 4 4 4 4 4 4 4 4 4 4 4 4 4 4 0
0 4 4 4 4 4 4 4 4 4 4 4 4 4 4 4 3 5 5 5 5 0
0 4 4 4 4 4 4 4 4 4 4 4 4 4 4 4 4 4 4 4 4 0
0 3 4 4 4 4 4 2 4 4 4 4 4 1 5 5 5 5 5 5 5 0
0 4 4 4 4 3 4 4 4 5 5 5 5 5 5 5 5 5 5 5 5 0
0 4 3 4 4 4 4 4 4 4 5 5 5 5 5 5 5 5 5 5 5 0
0 5 4 4 4 5 4 4 5 4 4 5 5 5 5 5 5 5 5 5 5 0
0 4 5 4 4 5 4 4 5 5 4 4 5 5 5 5 5 5 5 5 5 0
0 5 4 4 4 5 4 3 5 5 5 4 4 5 5 5 5 5 5 5 5 0
0 4 5 4 4 5 4 5 5 5 5 5 4 3 5 5 5 5 5 5 5 0
0 5 5 4 4 5 4 5 5 5 5 5 5 4 5 5 5 5 5 5 5 0
0 0 0 0 0 0 0 0 0 0 0 0 0 0 0 0 0 0 0 0 0 0

2022-09-08 03:25:32.250 [Thread-0] INFO  lab1.playerutilities.GameMap - Changed move to 0
2022-09-08 03:25:32.796 [Thread-0] INFO  lab1.playerutilities.GameMap - Move number 7 in this game.
2022-09-08 03:25:32.796 [Thread-0] INFO  lab1.playerutilities.GameMap - PLAYER POS: Coordinate: (12, 7)
2022-09-08 03:25:32.798 [Thread-0] INFO  lab1.playerutilities.GameMap - Monster has been seen
2022-09-08 03:25:32.798 [Thread-0] INFO  lab1.playerutilities.GameMap - 
0 0 0 0 0 0 0 0 0 0 0 0 0 0 0 0 0 0 0 0 0 0
0 5 5 4 4 4 4 4 5 5 5 4 5 4 4 5 4 4 4 5 5 0
0 5 5 4 4 4 4 4 5 5 4 5 4 4 5 4 4 4 5 5 5 0
0 5 5 4 4 4 4 4 5 4 5 4 4 5 4 4 4 5 5 5 5 0
0 5 5 4 4 4 4 4 4 5 4 4 5 4 4 4 5 5 5 5 5 0
0 5 5 4 4 4 4 4 5 4 4 5 4 4 4 5 5 5 5 5 5 0
0 4 5 4 4 4 4 4 4 4 5 4 4 4 3 5 5 5 5 5 5 0
0 4 4 4 4 4 4 4 4 5 4 4 4 4 5 5 5 5 5 5 5 0
0 4 4 4 4 4 4 4 3 4 4 4 4 5 5 5 5 5 5 5 5 0
0 4 4 4 4 4 4 4 4 4 4 4 4 3 5 5 5 5 5 5 5 0
0 4 4 4 4 4 4 4 4 4 4 4 4 4 4 4 4 4 4 4 4 0
0 4 4 4 4 4 4 4 4 4 4 4 4 4 4 4 3 5 5 5 5 0
0 4 4 4 4 4 4 2 4 4 4 4 4 4 4 4 4 4 4 4 4 0
0 3 4 4 4 4 4 4 4 4 4 4 4 1 5 5 5 5 5 5 5 0
0 4 4 4 4 3 4 4 4 4 5 5 5 5 5 5 5 5 5 5 5 0
0 4 3 4 4 4 4 4 4 4 4 5 5 5 5 5 5 5 5 5 5 0
0 5 4 4 4 5 4 4 5 4 4 3 5 5 5 5 5 5 5 5 5 0
0 4 5 4 4 5 4 4 5 5 4 4 5 5 5 5 5 5 5 5 5 0
0 5 4 4 4 5 4 3 5 5 5 4 4 5 5 5 5 5 5 5 5 0
0 4 5 4 4 5 4 5 5 5 5 5 4 3 5 5 5 5 5 5 5 0
0 5 5 4 4 5 4 5 5 5 5 5 5 4 5 5 5 5 5 5 5 0
0 0 0 0 0 0 0 0 0 0 0 0 0 0 0 0 0 0 0 0 0 0

2022-09-08 03:25:32.798 [Thread-0] INFO  lab1.playerutilities.GameMap - Changed move to 0
2022-09-08 03:25:33.344 [Thread-0] INFO  lab1.playerutilities.GameMap - Move number 8 in this game.
2022-09-08 03:25:33.344 [Thread-0] INFO  lab1.playerutilities.GameMap - PLAYER POS: Coordinate: (11, 7)
2022-09-08 03:25:33.345 [Thread-0] INFO  lab1.playerutilities.GameMap - Monster has been seen
2022-09-08 03:25:33.346 [Thread-0] INFO  lab1.playerutilities.GameMap - 
0 0 0 0 0 0 0 0 0 0 0 0 0 0 0 0 0 0 0 0 0 0
0 5 5 4 4 4 4 4 5 5 5 4 5 4 4 5 4 4 4 5 5 0
0 5 5 4 4 4 4 4 5 5 4 5 4 4 5 4 4 4 5 5 5 0
0 5 5 4 4 4 4 4 5 4 5 4 4 5 4 4 4 5 5 5 5 0
0 5 5 4 4 4 4 4 4 5 4 4 5 4 4 4 5 5 5 5 5 0
0 4 5 4 4 4 4 4 5 4 4 5 4 4 4 5 5 5 5 5 5 0
0 4 4 4 4 4 4 4 4 4 5 4 4 4 3 5 5 5 5 5 5 0
0 4 4 4 4 4 4 4 4 5 4 4 4 4 5 5 5 5 5 5 5 0
0 4 4 4 4 4 4 4 3 4 4 4 4 5 5 5 5 5 5 5 5 0
0 4 4 4 4 4 4 4 4 4 4 4 4 3 5 5 5 5 5 5 5 0
0 4 4 4 4 4 4 4 4 4 4 4 4 4 4 4 4 4 4 4 4 0
0 4 4 4 4 4 4 2 4 4 4 4 4 4 4 4 3 5 5 5 5 0
0 4 4 4 4 4 4 4 4 4 4 4 4 4 4 4 4 4 4 4 4 0
0 3 4 4 4 4 4 4 4 4 4 4 4 1 5 5 5 5 5 5 5 0
0 4 4 4 4 3 4 4 4 4 4 5 5 5 5 5 5 5 5 5 5 0
0 4 3 4 4 4 4 4 4 4 4 4 5 5 5 5 5 5 5 5 5 0
0 5 4 4 4 5 4 4 5 4 4 3 3 5 5 5 5 5 5 5 5 0
0 4 5 4 4 5 4 4 5 5 4 4 5 5 5 5 5 5 5 5 5 0
0 5 4 4 4 5 4 3 5 5 5 4 4 5 5 5 5 5 5 5 5 0
0 4 5 4 4 5 4 5 5 5 5 5 4 3 5 5 5 5 5 5 5 0
0 5 5 4 4 5 4 5 5 5 5 5 5 4 5 5 5 5 5 5 5 0
0 0 0 0 0 0 0 0 0 0 0 0 0 0 0 0 0 0 0 0 0 0

2022-09-08 03:25:33.346 [Thread-0] INFO  lab1.playerutilities.GameMap - Changed move to 0
2022-09-08 03:25:33.892 [Thread-0] INFO  lab1.playerutilities.GameMap - Move number 9 in this game.
2022-09-08 03:25:33.892 [Thread-0] INFO  lab1.playerutilities.GameMap - PLAYER POS: Coordinate: (10, 7)
2022-09-08 03:25:33.893 [Thread-0] INFO  lab1.playerutilities.GameMap - Monster has been seen
2022-09-08 03:25:33.894 [Thread-0] INFO  lab1.playerutilities.GameMap - 
0 0 0 0 0 0 0 0 0 0 0 0 0 0 0 0 0 0 0 0 0 0
0 5 5 4 4 4 4 4 5 5 5 4 5 4 4 5 4 4 4 5 5 0
0 5 5 4 4 4 4 4 5 5 4 5 4 4 5 4 4 4 5 5 5 0
0 5 5 4 4 4 4 4 5 4 5 4 4 5 4 4 4 5 5 5 5 0
0 4 5 4 4 4 4 4 4 5 4 4 5 4 4 4 5 5 5 5 5 0
0 4 4 4 4 4 4 4 5 4 4 5 4 4 4 5 5 5 5 5 5 0
0 4 4 4 4 4 4 4 4 4 5 4 4 4 3 5 5 5 5 5 5 0
0 4 4 4 4 4 4 4 4 5 4 4 4 4 5 5 5 5 5 5 5 0
0 4 4 4 4 4 4 4 3 4 4 4 4 5 5 5 5 5 5 5 5 0
0 4 4 4 4 4 4 4 4 4 4 4 4 3 5 5 5 5 5 5 5 0
0 4 4 4 4 4 4 2 4 4 4 4 4 4 4 4 4 4 4 4 4 0
0 4 4 4 4 4 4 4 4 4 4 4 4 4 4 4 3 5 5 5 5 0
0 4 4 4 4 4 4 4 4 4 4 4 4 4 4 4 4 4 4 4 4 0
0 3 4 4 4 4 4 4 4 4 1 4 4 1 5 5 5 5 5 5 5 0
0 4 4 4 4 3 4 4 4 4 4 5 5 5 5 5 5 5 5 5 5 0
0 4 3 4 4 4 4 4 4 4 4 4 5 5 5 5 5 5 5 5 5 0
0 5 4 4 4 5 4 4 5 4 4 3 3 5 5 5 5 5 5 5 5 0
0 4 5 4 4 5 4 4 5 5 4 4 5 5 5 5 5 5 5 5 5 0
0 5 4 4 4 5 4 3 5 5 5 4 4 5 5 5 5 5 5 5 5 0
0 4 5 4 4 5 4 5 5 5 5 5 4 3 5 5 5 5 5 5 5 0
0 5 5 4 4 5 4 5 5 5 5 5 5 4 5 5 5 5 5 5 5 0
0 0 0 0 0 0 0 0 0 0 0 0 0 0 0 0 0 0 0 0 0 0

2022-09-08 03:25:33.894 [Thread-0] INFO  lab1.playerutilities.GameMap - Changed move to 0
2022-09-08 03:25:34.440 [Thread-0] INFO  lab1.playerutilities.GameMap - Move number 10 in this game.
2022-09-08 03:25:34.440 [Thread-0] INFO  lab1.playerutilities.GameMap - PLAYER POS: Coordinate: (9, 7)
2022-09-08 03:25:34.441 [Thread-0] INFO  lab1.playerutilities.GameMap - Monster has been seen
2022-09-08 03:25:34.441 [Thread-0] INFO  lab1.playerutilities.GameMap - 
0 0 0 0 0 0 0 0 0 0 0 0 0 0 0 0 0 0 0 0 0 0
0 5 5 4 4 4 4 4 5 5 5 4 5 4 4 5 4 4 4 5 5 0
0 5 5 4 4 4 4 4 5 5 4 5 4 4 5 4 4 4 5 5 5 0
0 4 5 4 4 4 4 4 5 4 5 4 4 5 4 4 4 5 5 5 5 0
0 4 4 4 4 4 4 4 4 5 4 4 5 4 4 4 5 5 5 5 5 0
0 4 4 4 4 4 4 4 5 4 4 5 4 4 4 5 5 5 5 5 5 0
0 4 4 4 4 4 4 4 4 4 5 4 4 4 3 5 5 5 5 5 5 0
0 4 4 4 4 4 4 4 4 5 4 4 4 4 5 5 5 5 5 5 5 0
0 4 4 4 4 4 4 4 3 4 4 4 4 5 5 5 5 5 5 5 5 0
0 4 4 4 4 4 4 2 4 4 4 4 4 3 5 5 5 5 5 5 5 0
0 4 4 4 4 4 4 4 4 4 4 4 4 4 4 4 4 4 4 4 4 0
0 4 4 4 4 4 4 4 4 4 4 4 4 4 4 4 3 5 5 5 5 0
0 4 4 4 4 4 4 4 4 4 4 4 4 4 4 4 4 4 4 4 4 0
0 3 4 4 4 4 4 4 4 4 1 4 4 1 5 5 5 5 5 5 5 0
0 4 4 4 4 3 4 4 4 4 4 5 4 5 5 5 5 5 5 5 5 0
0 4 3 4 4 4 4 4 4 4 4 4 5 4 5 5 5 5 5 5 5 0
0 5 4 4 4 5 4 4 5 4 4 3 3 5 4 5 5 5 5 5 5 0
0 4 5 4 4 5 4 4 5 5 4 4 5 5 5 4 5 5 5 5 5 0
0 5 4 4 4 5 4 3 5 5 5 4 4 5 5 5 4 5 5 5 5 0
0 4 5 4 4 5 4 5 5 5 5 5 4 3 5 5 5 4 5 5 5 0
0 5 5 4 4 5 4 5 5 5 5 5 5 4 5 5 5 5 4 5 5 0
0 0 0 0 0 0 0 0 0 0 0 0 0 0 0 0 0 0 0 0 0 0

2022-09-08 03:25:34.441 [Thread-0] INFO  lab1.playerutilities.GameMap - Changed move to 0
2022-09-08 03:25:34.987 [Thread-0] INFO  lab1.playerutilities.GameMap - Move number 11 in this game.
2022-09-08 03:25:34.987 [Thread-0] INFO  lab1.playerutilities.GameMap - PLAYER POS: Coordinate: (8, 7)
2022-09-08 03:25:34.988 [Thread-0] INFO  lab1.playerutilities.GameMap - Monster has been seen
2022-09-08 03:25:34.988 [Thread-0] INFO  lab1.playerutilities.GameMap - 
0 0 0 0 0 0 0 0 0 0 0 0 0 0 0 0 0 0 0 0 0 0
0 5 5 4 4 4 4 4 5 5 5 4 5 4 4 5 4 4 4 5 5 0
0 5 5 4 4 4 4 4 5 5 4 5 4 4 5 4 4 4 5 5 5 0
0 4 3 4 4 4 4 4 5 4 5 4 4 5 4 4 4 5 5 5 5 0
0 4 4 4 4 4 4 4 4 5 4 4 5 4 4 4 5 5 5 5 5 0
0 4 4 4 4 4 4 4 5 4 4 5 4 4 4 5 5 5 5 5 5 0
0 4 4 4 4 4 4 4 4 4 5 4 4 4 3 5 5 5 5 5 5 0
0 4 4 4 4 4 4 4 4 5 4 4 4 4 5 5 5 5 5 5 5 0
0 4 4 4 4 4 4 2 3 4 4 4 4 5 5 5 5 5 5 5 5 0
0 4 4 4 4 4 4 4 4 4 4 4 4 3 5 5 5 5 5 5 5 0
0 4 4 4 4 4 4 4 4 4 4 4 4 4 4 4 4 4 4 4 4 0
0 4 4 4 4 4 4 4 4 4 4 4 4 4 4 4 3 5 5 5 5 0
0 4 4 4 4 4 4 4 4 4 4 4 4 4 4 4 4 4 4 4 4 0
0 3 4 4 4 4 4 4 4 4 1 4 4 1 5 5 5 5 5 5 5 0
0 4 4 4 4 3 4 4 4 4 4 5 4 4 5 5 5 5 5 5 5 0
0 4 3 4 4 4 4 4 4 4 4 4 5 4 4 5 5 5 5 5 5 0
0 5 4 4 4 5 4 4 5 4 4 3 3 5 4 4 5 5 5 5 5 0
0 4 5 4 4 5 4 4 5 5 4 4 5 5 5 4 4 5 5 5 5 0
0 5 4 4 4 5 4 3 5 5 5 4 4 5 5 5 4 4 5 5 5 0
0 4 5 4 4 5 4 5 5 5 5 5 4 3 5 5 5 4 3 5 5 0
0 5 5 4 4 5 4 5 5 5 5 5 5 4 5 5 5 5 4 5 5 0
0 0 0 0 0 0 0 0 0 0 0 0 0 0 0 0 0 0 0 0 0 0

2022-09-08 03:25:34.988 [Thread-0] INFO  lab1.playerutilities.GameMap - Changed move to 7
2022-09-08 03:25:35.533 [Thread-0] INFO  lab1.playerutilities.GameMap - Move number 12 in this game.
2022-09-08 03:25:35.533 [Thread-0] INFO  lab1.playerutilities.GameMap - PLAYER POS: Coordinate: (7, 6)
2022-09-08 03:25:35.534 [Thread-0] INFO  lab1.playerutilities.GameMap - Monster has been seen
2022-09-08 03:25:35.534 [Thread-0] INFO  lab1.playerutilities.GameMap - quadFarthestFromMonster set to Coordinate: (6, 16)
2022-09-08 03:25:35.535 [Thread-0] INFO  lab1.playerutilities.GameMap - 
0 0 0 0 0 0 0 0 0 0 0 0 0 0 0 0 0 0 0 0 0 0
0 5 5 4 4 4 4 4 5 5 5 4 4 4 4 5 4 4 4 5 5 0
0 5 5 4 4 4 4 4 5 5 4 4 4 4 5 4 4 4 5 5 5 0
0 4 3 4 4 4 4 4 5 4 4 4 4 5 4 4 4 5 5 5 5 0
0 4 4 4 4 4 4 4 4 4 4 4 5 4 4 4 5 5 5 5 5 0
0 4 4 4 4 4 4 4 4 4 4 5 4 4 4 5 5 5 5 5 5 0
0 4 4 4 4 4 4 4 4 4 5 4 4 4 3 5 5 5 5 5 5 0
0 4 4 4 4 4 2 4 4 4 4 4 4 4 4 4 4 4 4 4 4 0
0 4 4 4 4 4 4 4 3 4 4 4 4 5 5 5 5 5 5 5 5 0
0 4 4 4 4 4 4 4 4 4 4 4 4 3 5 5 5 5 5 5 5 0
0 4 4 4 4 4 4 4 4 4 4 4 4 4 4 4 4 4 4 4 4 0
0 4 4 4 4 4 4 4 4 4 4 4 4 4 4 4 3 5 5 5 5 0
0 4 4 4 4 4 4 4 4 4 4 4 4 4 4 4 4 4 4 4 4 0
0 3 4 4 4 4 4 4 4 4 1 4 4 1 5 5 5 5 5 5 5 0
0 4 4 4 4 3 4 4 4 4 4 5 4 4 5 5 5 5 5 5 5 0
0 4 3 4 4 4 4 4 4 4 4 4 5 4 4 5 5 5 5 5 5 0
0 5 4 4 4 5 4 4 5 4 4 3 3 5 4 4 5 5 5 5 5 0
0 4 5 4 4 5 4 4 5 5 4 4 5 5 5 4 4 5 5 5 5 0
0 5 4 4 4 5 4 3 5 5 5 4 4 5 5 5 4 4 5 5 5 0
0 4 5 4 4 5 4 5 5 5 5 5 4 3 5 5 5 4 3 5 5 0
0 5 5 4 4 5 4 5 5 5 5 5 5 4 5 5 5 5 4 5 5 0
0 0 0 0 0 0 0 0 0 0 0 0 0 0 0 0 0 0 0 0 0 0

2022-09-08 03:25:35.535 [Thread-0] INFO  lab1.playerutilities.GameMap - Changed move to 2
2022-09-08 03:25:36.080 [Thread-0] INFO  lab1.playerutilities.GameMap - Move number 13 in this game.
2022-09-08 03:25:36.080 [Thread-0] INFO  lab1.playerutilities.GameMap - PLAYER POS: Coordinate: (7, 7)
2022-09-08 03:25:36.081 [Thread-0] INFO  lab1.playerutilities.GameMap - Monster has been seen
2022-09-08 03:25:36.081 [Thread-0] INFO  lab1.playerutilities.GameMap - 
0 0 0 0 0 0 0 0 0 0 0 0 0 0 0 0 0 0 0 0 0 0
0 4 5 4 4 4 4 4 5 5 5 4 4 4 4 5 4 4 4 5 5 0
0 5 4 4 4 4 4 4 5 5 4 4 4 4 5 4 4 4 5 5 5 0
0 4 3 4 4 4 4 4 5 4 4 4 4 5 4 4 4 5 5 5 5 0
0 4 4 4 4 4 4 4 4 4 4 4 5 4 4 4 5 5 5 5 5 0
0 4 4 4 4 4 4 4 4 4 4 5 4 4 4 5 5 5 5 5 5 0
0 4 4 4 4 4 4 4 4 4 5 4 4 4 3 5 5 5 5 5 5 0
0 4 4 4 4 4 4 2 4 4 4 4 4 4 4 4 4 4 4 4 4 0
0 4 4 4 4 4 4 4 3 4 4 4 4 5 5 5 5 5 5 5 5 0
0 4 4 4 4 4 4 4 4 4 4 4 4 3 5 5 5 5 5 5 5 0
0 4 4 4 4 4 4 4 4 4 4 4 4 4 4 4 4 4 4 4 4 0
0 4 4 4 4 4 4 4 4 4 4 4 4 4 4 4 3 5 5 5 5 0
0 4 4 4 4 4 4 1 4 4 4 4 4 4 4 4 4 4 4 4 4 0
0 3 4 4 4 4 4 4 4 4 1 4 4 1 5 5 5 5 5 5 5 0
0 4 4 4 4 3 4 4 4 4 4 5 4 4 5 5 5 5 5 5 5 0
0 4 3 4 4 4 4 4 4 4 4 4 5 4 4 5 5 5 5 5 5 0
0 5 4 4 4 5 4 4 5 4 4 3 3 5 4 4 5 5 5 5 5 0
0 4 5 4 4 5 4 4 5 5 4 4 5 5 5 4 4 5 5 5 5 0
0 5 4 4 4 5 4 3 5 5 5 4 4 5 5 5 4 4 5 5 5 0
0 4 5 4 4 5 4 5 5 5 5 5 4 3 5 5 5 4 3 5 5 0
0 5 5 4 4 5 4 5 5 5 5 5 5 4 5 5 5 5 4 5 5 0
0 0 0 0 0 0 0 0 0 0 0 0 0 0 0 0 0 0 0 0 0 0

2022-09-08 03:25:36.081 [Thread-0] INFO  lab1.playerutilities.GameMap - Changed move to 2
2022-09-08 03:25:36.626 [Thread-0] INFO  lab1.playerutilities.GameMap - Move number 14 in this game.
2022-09-08 03:25:36.627 [Thread-0] INFO  lab1.playerutilities.GameMap - PLAYER POS: Coordinate: (7, 8)
2022-09-08 03:25:36.627 [Thread-0] INFO  lab1.playerutilities.GameMap - Monster has been seen
2022-09-08 03:25:36.628 [Thread-0] INFO  lab1.playerutilities.GameMap - 
0 0 0 0 0 0 0 0 0 0 0 0 0 0 0 0 0 0 0 0 0 0
0 4 4 4 4 4 4 4 4 5 5 4 4 4 4 5 4 4 4 5 5 0
0 5 4 4 4 4 4 4 4 5 4 4 4 4 5 4 4 4 5 5 5 0
0 4 3 4 4 4 4 4 4 4 4 4 4 5 4 4 4 5 5 5 5 0
0 4 4 4 4 4 4 4 4 4 4 4 5 4 4 4 5 5 5 5 5 0
0 4 4 4 4 4 4 4 4 4 4 5 4 4 4 5 5 5 5 5 5 0
0 4 4 4 4 4 4 4 4 4 5 4 4 4 3 5 5 5 5 5 5 0
0 4 4 4 4 4 4 4 2 4 4 4 4 4 4 4 4 4 4 4 4 0
0 4 4 4 4 4 4 4 3 4 4 4 4 5 5 5 5 5 5 5 5 0
0 4 4 4 4 4 4 4 4 4 4 4 4 3 5 5 5 5 5 5 5 0
0 4 4 4 4 4 4 4 4 4 4 4 4 4 4 4 4 4 4 4 4 0
0 4 4 4 4 4 4 4 4 4 4 4 4 4 4 4 3 5 5 5 5 0
0 4 4 4 4 4 4 1 4 4 4 4 4 4 4 4 4 4 4 4 4 0
0 3 4 4 4 4 4 4 4 4 1 4 4 1 4 5 5 5 5 5 5 0
0 4 4 4 4 3 4 4 4 4 4 5 4 4 5 4 5 5 5 5 5 0
0 4 3 4 4 4 4 4 4 4 4 4 5 4 4 5 4 5 5 5 5 0
0 5 4 4 4 5 4 4 5 4 4 3 3 5 4 4 5 4 5 5 5 0
0 4 5 4 4 5 4 4 5 5 4 4 5 5 5 4 4 5 4 5 5 0
0 5 4 4 4 5 4 3 5 5 5 4 4 5 5 5 4 4 5 4 5 0
0 4 5 4 4 5 4 5 5 5 5 5 4 3 5 5 5 4 3 5 3 0
0 5 5 4 4 5 4 5 5 5 5 5 5 4 5 5 5 5 4 5 5 0
0 0 0 0 0 0 0 0 0 0 0 0 0 0 0 0 0 0 0 0 0 0

2022-09-08 03:25:36.628 [Thread-0] INFO  lab1.playerutilities.GameMap - Changed move to 2
2022-09-08 03:25:37.174 [Thread-0] INFO  lab1.playerutilities.GameMap - Move number 15 in this game.
2022-09-08 03:25:37.174 [Thread-0] INFO  lab1.playerutilities.GameMap - PLAYER POS: Coordinate: (7, 9)
2022-09-08 03:25:37.176 [Thread-0] INFO  lab1.playerutilities.GameMap - Monster has been seen
2022-09-08 03:25:37.178 [Thread-0] INFO  lab1.playerutilities.GameMap - 
0 0 0 0 0 0 0 0 0 0 0 0 0 0 0 0 0 0 0 0 0 0
0 4 4 4 4 4 4 4 4 5 5 4 4 4 4 4 4 4 4 5 5 0
0 5 4 4 4 4 4 4 4 3 4 4 4 4 4 4 4 4 5 5 5 0
0 4 3 4 4 4 4 4 4 4 4 4 4 4 4 4 4 5 5 5 5 0
0 4 4 4 4 4 4 4 4 4 4 4 4 4 4 4 5 5 5 5 5 0
0 4 4 4 4 4 4 4 4 4 4 4 4 4 4 5 5 5 5 5 5 0
0 4 4 4 4 4 4 4 4 4 4 4 4 4 3 5 5 5 5 5 5 0
0 4 4 4 4 4 4 4 4 2 4 4 4 4 4 4 4 4 4 4 4 0
0 4 4 4 4 4 4 4 3 4 4 4 4 5 5 5 5 5 5 5 5 0
0 4 4 4 4 4 4 4 4 4 4 4 4 3 5 5 5 5 5 5 5 0
0 4 4 4 4 4 4 4 4 4 4 4 4 4 4 4 4 4 4 4 4 0
0 4 4 4 4 4 4 4 4 4 4 4 4 4 4 4 3 5 5 5 5 0
0 4 4 4 4 4 4 1 4 4 4 4 4 4 4 4 4 4 4 4 4 0
0 3 4 4 4 4 4 4 4 4 1 4 4 1 4 4 5 5 5 5 5 0
0 4 4 4 4 3 4 4 4 4 4 5 4 4 5 4 4 5 5 5 5 0
0 4 3 4 4 4 4 4 4 4 4 4 5 4 4 5 4 4 5 5 5 0
0 5 4 4 4 5 4 4 5 4 4 3 3 5 4 4 5 4 4 5 5 0
0 4 5 4 4 5 4 4 5 4 4 4 5 5 5 4 4 5 4 4 5 0
0 5 4 4 4 5 4 3 5 4 5 4 4 5 5 5 4 4 5 4 4 0
0 4 5 4 4 5 4 5 5 4 5 5 4 3 5 5 5 4 3 5 3 0
0 5 5 4 4 5 4 5 5 4 5 5 5 4 5 5 5 5 4 5 5 0
0 0 0 0 0 0 0 0 0 0 0 0 0 0 0 0 0 0 0 0 0 0

2022-09-08 03:25:37.178 [Thread-0] INFO  lab1.playerutilities.GameMap - Changed move to 2
2022-09-08 03:25:37.724 [Thread-0] INFO  lab1.playerutilities.GameMap - Move number 16 in this game.
2022-09-08 03:25:37.724 [Thread-0] INFO  lab1.playerutilities.GameMap - PLAYER POS: Coordinate: (7, 10)
2022-09-08 03:25:37.725 [Thread-0] INFO  lab1.playerutilities.GameMap - Monster has been seen
2022-09-08 03:25:37.726 [Thread-0] INFO  lab1.playerutilities.GameMap - 
0 0 0 0 0 0 0 0 0 0 0 0 0 0 0 0 0 0 0 0 0 0
0 4 4 4 4 4 4 4 4 5 4 4 4 4 4 4 4 4 4 5 5 0
0 5 4 4 4 4 4 4 4 3 4 4 4 4 4 4 4 4 5 5 5 0
0 4 3 4 4 4 4 4 4 4 4 4 4 4 4 4 4 5 5 5 5 0
0 4 4 4 4 4 4 4 4 4 4 4 4 4 4 4 5 5 5 5 5 0
0 4 4 4 4 4 4 4 4 4 4 4 4 4 4 5 5 5 5 5 5 0
0 4 4 4 4 4 4 4 4 4 4 4 4 4 3 5 5 5 5 5 5 0
0 4 4 4 4 4 4 4 4 4 2 4 4 4 4 4 4 4 4 4 4 0
0 4 4 4 4 4 4 4 3 4 4 4 4 5 5 5 5 5 5 5 5 0
0 4 4 4 4 4 4 4 1 4 4 4 4 3 5 5 5 5 5 5 5 0
0 4 4 4 4 4 4 4 4 4 4 4 4 4 4 4 4 4 4 4 4 0
0 4 4 4 4 4 4 4 4 4 4 4 4 4 4 4 3 5 5 5 5 0
0 4 4 4 4 4 4 1 4 4 4 4 4 4 4 4 4 4 4 4 4 0
0 3 4 4 4 4 4 4 4 4 4 4 4 1 4 4 4 5 5 5 5 0
0 4 4 4 4 3 4 4 4 4 4 5 4 4 5 4 4 4 5 5 5 0
0 4 3 4 4 4 4 4 4 4 4 4 5 4 4 5 4 4 4 5 5 0
0 5 4 4 4 5 4 4 5 4 4 3 3 5 4 4 5 4 4 4 5 0
0 4 5 4 4 5 4 4 5 4 4 4 5 5 5 4 4 5 4 4 4 0
0 5 4 4 4 5 4 3 5 4 4 4 4 5 5 5 4 4 5 4 4 0
0 4 5 4 4 5 4 5 5 4 4 5 4 3 5 5 5 4 3 5 3 0
0 5 5 4 4 5 4 5 5 4 4 5 5 4 5 5 5 5 4 5 5 0
0 0 0 0 0 0 0 0 0 0 0 0 0 0 0 0 0 0 0 0 0 0

2022-09-08 03:25:37.726 [Thread-0] INFO  lab1.playerutilities.GameMap - Changed move to 2
2022-09-08 03:25:38.271 [Thread-0] INFO  lab1.playerutilities.GameMap - Move number 17 in this game.
2022-09-08 03:25:38.271 [Thread-0] INFO  lab1.playerutilities.GameMap - PLAYER POS: Coordinate: (7, 11)
2022-09-08 03:25:38.272 [Thread-0] INFO  lab1.playerutilities.GameMap - Monster has been seen
2022-09-08 03:25:38.272 [Thread-0] INFO  lab1.playerutilities.GameMap - 
0 0 0 0 0 0 0 0 0 0 0 0 0 0 0 0 0 0 0 0 0 0
0 4 4 4 4 4 4 4 4 5 4 4 4 4 4 4 4 4 4 5 5 0
0 5 4 4 4 4 4 4 4 3 4 4 4 4 4 4 4 4 5 5 5 0
0 4 3 4 4 4 4 4 4 4 4 4 4 4 4 4 4 5 5 5 5 0
0 4 4 4 4 4 4 4 4 4 4 4 4 4 4 4 5 5 5 5 5 0
0 4 4 4 4 4 4 4 4 4 4 4 4 4 4 5 5 5 5 5 5 0
0 4 4 4 4 4 4 4 4 4 4 4 4 4 3 5 5 5 5 5 5 0
0 4 4 4 4 4 4 4 4 4 4 2 4 4 4 4 4 4 4 4 4 0
0 4 4 4 4 4 4 4 3 4 4 4 4 5 5 5 5 5 5 5 5 0
0 4 4 4 4 4 4 4 1 4 4 4 4 3 5 5 5 5 5 5 5 0
0 4 4 4 4 4 4 4 4 4 4 4 4 4 4 4 4 4 4 4 4 0
0 4 4 4 4 4 4 4 4 4 4 4 4 4 4 4 3 5 5 5 5 0
0 4 4 4 4 4 4 1 4 4 4 4 4 4 4 4 4 4 4 4 4 0
0 3 4 4 4 4 4 4 4 4 4 4 4 1 4 4 4 5 5 5 5 0
0 4 4 4 4 3 4 4 4 4 4 4 4 4 5 4 4 4 5 5 5 0
0 4 3 4 4 4 4 4 4 4 4 4 5 4 4 5 4 4 4 5 5 0
0 5 4 4 4 5 4 4 5 4 4 3 3 5 4 4 5 4 4 4 5 0
0 4 5 4 4 5 4 4 5 4 4 4 5 5 5 4 4 5 4 4 4 0
0 5 4 4 4 5 4 3 5 4 4 4 4 5 5 5 4 4 5 4 4 0
0 4 5 4 4 5 4 5 5 4 4 5 4 3 5 5 5 4 3 5 3 0
0 5 5 4 4 5 4 5 5 4 4 5 5 4 5 5 5 5 4 5 5 0
0 0 0 0 0 0 0 0 0 0 0 0 0 0 0 0 0 0 0 0 0 0

2022-09-08 03:25:38.272 [Thread-0] INFO  lab1.playerutilities.GameMap - Changed move to 2
2022-09-08 03:25:38.819 [Thread-0] INFO  lab1.playerutilities.GameMap - Move number 18 in this game.
2022-09-08 03:25:38.819 [Thread-0] INFO  lab1.playerutilities.GameMap - PLAYER POS: Coordinate: (7, 12)
2022-09-08 03:25:38.820 [Thread-0] INFO  lab1.playerutilities.GameMap - Monster has been seen
2022-09-08 03:25:38.820 [Thread-0] INFO  lab1.playerutilities.GameMap - 
0 0 0 0 0 0 0 0 0 0 0 0 0 0 0 0 0 0 0 0 0 0
0 4 4 4 4 4 4 4 4 5 4 4 4 4 4 4 4 4 4 5 5 0
0 5 4 4 4 4 4 4 4 3 4 4 4 4 4 4 4 4 5 5 5 0
0 4 3 4 4 4 4 4 4 4 4 4 4 4 4 4 4 5 5 5 5 0
0 4 4 4 4 4 4 4 4 4 4 4 4 4 4 4 5 5 5 5 5 0
0 4 4 4 4 4 4 4 4 4 4 4 4 4 4 5 5 5 5 5 5 0
0 4 4 4 4 4 4 4 4 4 4 4 4 4 3 5 5 5 5 5 5 0
0 4 4 4 4 4 4 4 4 4 1 4 2 4 4 4 4 4 4 4 4 0
0 4 4 4 4 4 4 4 3 4 4 4 4 4 5 5 5 5 5 5 5 0
0 4 4 4 4 4 4 4 1 4 4 4 4 3 4 5 5 5 5 5 5 0
0 4 4 4 4 4 4 4 4 4 4 4 4 4 4 4 4 4 4 4 4 0
0 4 4 4 4 4 4 4 4 4 4 4 4 4 4 4 3 5 5 5 5 0
0 4 4 4 4 4 4 4 4 4 4 4 4 4 4 4 4 4 4 4 4 0
0 3 4 4 4 4 4 4 4 4 4 4 4 1 4 4 4 5 5 5 5 0
0 4 4 4 4 3 4 4 4 4 4 4 4 4 5 4 4 4 5 5 5 0
0 4 3 4 4 4 4 4 4 4 4 4 4 4 4 5 4 4 4 5 5 0
0 5 4 4 4 5 4 4 5 4 4 3 3 5 4 4 5 4 4 4 5 0
0 4 5 4 4 5 4 4 5 4 4 4 5 5 5 4 4 5 4 4 4 0
0 5 4 4 4 5 4 3 5 4 4 4 4 5 5 5 4 4 5 4 4 0
0 4 5 4 4 5 4 5 5 4 4 5 4 3 5 5 5 4 3 5 3 0
0 5 5 4 4 5 4 5 5 4 4 5 5 4 5 5 5 5 4 5 5 0
0 0 0 0 0 0 0 0 0 0 0 0 0 0 0 0 0 0 0 0 0 0

2022-09-08 03:25:38.820 [Thread-0] INFO  lab1.playerutilities.GameMap - Changed move to 2
2022-09-08 03:25:39.366 [Thread-0] INFO  lab1.playerutilities.GameMap - Move number 19 in this game.
2022-09-08 03:25:39.366 [Thread-0] INFO  lab1.playerutilities.GameMap - PLAYER POS: Coordinate: (7, 13)
2022-09-08 03:25:39.367 [Thread-0] INFO  lab1.playerutilities.GameMap - Monster has been seen
2022-09-08 03:25:39.367 [Thread-0] INFO  lab1.playerutilities.GameMap - 
0 0 0 0 0 0 0 0 0 0 0 0 0 0 0 0 0 0 0 0 0 0
0 4 4 4 4 4 4 4 4 5 4 4 4 4 4 4 4 4 4 5 5 0
0 5 4 4 4 4 4 4 4 3 4 4 4 4 4 4 4 4 5 5 5 0
0 4 3 4 4 4 4 4 4 4 4 4 4 4 4 4 4 5 5 5 5 0
0 4 4 4 4 4 4 4 4 4 4 4 4 4 4 4 5 5 5 5 5 0
0 4 4 4 4 4 4 4 4 4 4 4 4 4 4 5 5 5 5 5 5 0
0 4 4 4 4 4 4 4 4 4 4 4 4 4 3 5 5 5 5 5 5 0
0 4 4 4 4 4 4 4 4 4 1 1 4 2 4 4 4 4 4 4 4 0
0 4 4 4 4 4 4 4 3 4 4 4 4 4 4 5 5 5 5 5 5 0
0 4 4 4 4 4 4 4 1 4 4 4 4 3 4 4 5 5 5 5 5 0
0 4 4 4 4 4 4 4 4 4 4 4 4 4 4 4 4 4 4 4 4 0
0 4 4 4 4 4 4 4 4 4 4 4 4 4 4 4 3 4 5 5 5 0
0 4 4 4 4 4 4 4 4 4 4 4 4 4 4 4 4 4 4 4 4 0
0 3 4 4 4 4 4 4 4 4 4 4 4 1 4 4 4 5 5 4 5 0
0 4 4 4 4 3 4 4 4 4 4 4 4 4 5 4 4 4 5 5 4 0
0 4 3 4 4 4 4 4 4 4 4 4 4 4 4 5 4 4 4 5 5 0
0 5 4 4 4 5 4 4 5 4 4 3 3 5 4 4 5 4 4 4 5 0
0 4 5 4 4 5 4 4 5 4 4 4 5 5 5 4 4 5 4 4 4 0
0 5 4 4 4 5 4 3 5 4 4 4 4 5 5 5 4 4 5 4 4 0
0 4 5 4 4 5 4 5 5 4 4 5 4 3 5 5 5 4 3 5 3 0
0 5 5 4 4 5 4 5 5 4 4 5 5 4 5 5 5 5 4 5 5 0
0 0 0 0 0 0 0 0 0 0 0 0 0 0 0 0 0 0 0 0 0 0

2022-09-08 03:25:39.367 [Thread-0] INFO  lab1.playerutilities.GameMap - Changed move to 2
2022-09-08 03:25:39.913 [Thread-0] INFO  lab1.playerutilities.GameMap - Move number 20 in this game.
2022-09-08 03:25:39.913 [Thread-0] INFO  lab1.playerutilities.GameMap - PLAYER POS: Coordinate: (7, 14)
2022-09-08 03:25:39.914 [Thread-0] INFO  lab1.playerutilities.GameMap - Monster has been seen
2022-09-08 03:25:39.914 [Thread-0] INFO  lab1.playerutilities.GameMap - 
0 0 0 0 0 0 0 0 0 0 0 0 0 0 0 0 0 0 0 0 0 0
0 4 4 4 4 4 4 4 4 5 4 4 4 4 4 4 4 4 4 5 4 0
0 5 4 4 4 4 4 4 4 3 4 4 4 4 4 4 4 4 5 4 5 0
0 4 3 4 4 4 4 4 4 4 4 4 4 4 4 4 4 5 4 5 5 0
0 4 4 4 4 4 4 4 4 4 4 4 4 4 4 4 5 4 5 5 5 0
0 4 4 4 4 4 4 4 4 4 4 4 4 4 4 5 4 5 5 5 5 0
0 4 4 4 4 4 4 4 4 4 4 4 4 4 3 4 5 5 5 5 5 0
0 4 4 4 4 4 4 4 4 4 1 1 1 4 2 4 4 4 4 4 4 0
0 4 4 4 4 4 4 4 3 4 4 4 4 4 4 4 5 5 5 5 5 0
0 4 4 4 4 4 4 4 1 4 4 4 4 3 4 4 4 5 5 5 5 0
0 4 4 4 4 4 4 4 4 4 4 4 4 4 4 4 4 4 4 4 4 0
0 4 4 4 4 4 4 4 4 4 4 4 4 4 4 4 3 4 4 5 5 0
0 4 4 4 4 4 4 4 4 4 4 4 4 4 4 4 4 4 4 4 4 0
0 3 4 4 4 4 4 4 4 4 4 4 4 1 4 4 4 5 5 4 4 0
0 4 4 4 4 3 4 4 4 4 4 4 4 4 4 4 4 4 5 5 4 0
0 4 3 4 4 4 4 4 4 4 4 4 4 4 4 5 4 4 4 5 5 0
0 5 4 4 4 4 4 4 5 4 4 3 3 5 4 4 5 4 4 4 5 0
0 4 5 4 4 5 4 4 5 4 4 4 5 5 4 4 4 5 4 4 4 0
0 5 4 4 4 5 4 3 5 4 4 4 4 5 4 5 4 4 5 4 4 0
0 4 4 4 4 5 4 5 5 4 4 5 4 3 4 5 5 4 3 5 3 0
0 4 5 4 4 5 4 5 5 4 4 5 5 4 4 5 5 5 4 5 5 0
0 0 0 0 0 0 0 0 0 0 0 0 0 0 0 0 0 0 0 0 0 0

2022-09-08 03:25:39.914 [Thread-0] INFO  lab1.playerutilities.GameMap - Changed move to 1
2022-09-08 03:25:40.460 [Thread-0] INFO  lab1.playerutilities.GameMap - Move number 21 in this game.
2022-09-08 03:25:40.460 [Thread-0] INFO  lab1.playerutilities.GameMap - PLAYER POS: Coordinate: (6, 15)
2022-09-08 03:25:40.461 [Thread-0] INFO  lab1.playerutilities.GameMap - Monster has been seen
2022-09-08 03:25:40.461 [Thread-0] INFO  lab1.playerutilities.GameMap - quadFarthestFromMonster set to Coordinate: (16, 6)
2022-09-08 03:25:40.461 [Thread-0] INFO  lab1.playerutilities.GameMap - 
0 0 0 0 0 0 0 0 0 0 0 0 0 0 0 0 0 0 0 0 0 0
0 4 4 4 4 4 4 4 4 5 4 4 4 4 4 4 4 4 4 5 4 0
0 5 4 4 4 4 4 4 4 3 4 4 4 4 4 4 4 4 5 4 5 0
0 4 3 4 4 4 4 4 4 4 4 4 4 4 4 4 4 5 4 5 5 0
0 4 4 4 4 4 4 4 4 4 4 4 4 4 4 4 5 4 5 5 5 0
0 4 4 4 4 4 4 4 4 4 4 4 4 4 4 4 4 5 5 5 5 0
0 4 4 4 4 4 4 4 4 4 4 4 4 4 3 2 4 3 5 5 5 0
0 4 4 4 4 4 4 4 4 4 1 1 1 4 4 4 4 4 4 4 4 0
0 4 4 4 4 4 4 4 3 4 4 4 4 4 4 4 5 4 5 5 5 0
0 4 4 4 4 4 4 4 1 4 4 4 4 3 4 4 4 5 4 5 5 0
0 4 4 4 4 4 4 4 4 4 4 4 4 4 4 4 4 4 4 4 4 0
0 4 4 4 4 4 4 4 4 4 4 4 4 4 4 4 3 4 4 5 3 0
0 4 4 4 4 4 4 4 4 4 4 4 4 4 4 4 4 4 4 4 4 0
0 3 4 4 4 4 4 4 4 4 4 4 4 1 4 4 4 5 5 4 4 0
0 4 4 4 4 3 4 4 4 4 4 4 4 4 4 4 4 4 5 5 4 0
0 4 3 4 4 4 4 4 4 4 4 4 4 4 4 4 4 4 4 5 5 0
0 5 4 4 4 4 4 4 5 4 4 3 3 5 4 4 5 4 4 4 5 0
0 4 5 4 4 5 4 4 5 4 4 4 5 5 4 4 4 5 4 4 4 0
0 5 4 4 4 5 4 3 5 4 4 4 4 5 4 4 4 4 5 4 4 0
0 4 4 4 4 5 4 5 5 4 4 5 4 3 4 4 5 4 3 5 3 0
0 4 5 4 4 5 4 5 5 4 4 5 5 4 4 4 5 5 4 5 5 0
0 0 0 0 0 0 0 0 0 0 0 0 0 0 0 0 0 0 0 0 0 0

2022-09-08 03:25:40.461 [Thread-0] INFO  lab1.playerutilities.GameMap - Changed move to 5
